<?xml version="1.0" encoding="UTF-8"?>
<testsuite xmlns:xsi="http://www.w3.org/2001/XMLSchema-instance" xsi:noNamespaceSchemaLocation="https://maven.apache.org/surefire/maven-surefire-plugin/xsd/surefire-test-report-3.0.xsd" version="3.0" name="org.apache.beam.examples.subprocess.utils.CalActivityCodeUtilsTest" time="0.131" tests="1" errors="0" skipped="0" failures="0">
  <properties>
[...]
</properties>
  <testcase name="testInitialize" classname="org.apache.beam.examples.subprocess.utils.CalActivityCodeUtilsTest" time="0.131">
    <system-out><![CDATA[IN READ Initialize function
initialized value 10 mocked method is column1,column2,column3
CUS-TAX-INFO-EVENT,column2,1
CUS-STATUS-EVENT,column2,1
CUS-BASIC-EVENT,column2,1
CUS-ADDRESS-EVENT,column2,1
CONTACT-DETAIL-EVENT,column2,1
CUS-PREF-EVENT-EVENT,column2,1
CONTACT-DETAIL-EVENT,column2,1
CUS-PREF-EVENT,column2,1
CUSTOMER-SEARCH,column2,1
ACCOUNT-UPDATE,column2,1
ACCOUNT-CREATE,column2,1

IN READ Initialize function
]]></system-out>
    <system-err><![CDATA[Jan 19, 2021 6:10:09 PM org.apache.beam.examples.subprocess.utils.CalActivityCodeUtils populateCache
INFO: Length of file in populate cache 12
Jan 19, 2021 6:10:09 PM org.apache.beam.examples.subprocess.utils.CalActivityCodeUtils populateCache
INFO: Length of file in populate cache 12
]]></system-err>
  </testcase>
</testsuite>